<?xml version="1.0" encoding="UTF-8"?>
<!-- Generated by org.testng.reporters.JUnitXMLReporter -->
<testsuite ignored="0" hostname="DESKTOP-LNRUB0I" failures="0" tests="2" name="Submit Order Test" time="18.277" errors="0" timestamp="2024-08-25T23:58:06 IST">
  <testcase classname="seleniumframework.TestAutomationFramework.userRegistration" name="verifyUserRegestration" time="3.223"/>
  <testcase classname="seleniumframework.TestAutomationFramework.userRegistration" name="verifyLoginCredential" time="2.834"/>
</testsuite> <!-- Submit Order Test -->
