<?xml version="1.0" encoding="UTF-8"?>
<!-- Generated by org.testng.reporters.JUnitXMLReporter -->
<testsuite ignored="0" hostname="DESKTOP-LNRUB0I" failures="1" tests="1" name="Submit Order Test" time="18.05" errors="0" timestamp="2024-08-28T17:32:17 IST">
  <testcase classname="seleniumframework.TestAutomationFramework.openAccount" name="verifyNewAccountOpening" time="4.207">
    <failure type="junit.framework.ComparisonFailure" message="expected:&amp;lt;&amp;gt; but was:&amp;lt;Account Opened!&amp;gt;">
      <![CDATA[junit.framework.ComparisonFailure: expected:<> but was:<Account Opened!>
at junit.framework.Assert.assertEquals(Assert.java:81)
at junit.framework.Assert.assertEquals(Assert.java:87)
at seleniumframework.TestAutomationFramework.openAccount.verifyNewAccountOpening(openAccount.java:24)
at java.base/java.util.ArrayList.forEach(ArrayList.java:1511)
at java.base/java.util.concurrent.FutureTask.run(FutureTask.java:264)
at java.base/java.util.concurrent.ThreadPoolExecutor.runWorker(ThreadPoolExecutor.java:1136)
at java.base/java.util.concurrent.ThreadPoolExecutor$Worker.run(ThreadPoolExecutor.java:635)
at java.base/java.lang.Thread.run(Thread.java:833)
... Removed 15 stack frames]]>
    </failure>
  </testcase> <!-- verifyNewAccountOpening -->
</testsuite> <!-- Submit Order Test -->
