<?xml version="1.0" encoding="UTF-8"?>
<testng-results ignored="0" total="2" passed="2" failed="0" skipped="0">
  <reporter-output>
  </reporter-output>
  <suite started-at="2024-08-25T23:57:48 IST" name="Suite" finished-at="2024-08-25T23:58:06 IST" duration-ms="18277">
    <groups>
    </groups>
    <test started-at="2024-08-25T23:57:48 IST" name="Submit Order Test" finished-at="2024-08-25T23:58:06 IST" duration-ms="18277">
      <class name="seleniumframework.TestAutomationFramework.userRegistration">
        <test-method is-config="true" signature="driverSetup()[pri:0, instance:seleniumframework.TestAutomationFramework.userRegistration@6302bbb1]" started-at="2024-08-25T23:57:48 IST" name="driverSetup" finished-at="2024-08-25T23:57:54 IST" duration-ms="6395" status="PASS">
          <reporter-output>
          </reporter-output>
        </test-method> <!-- driverSetup -->
        <test-method signature="verifyUserRegestration(java.lang.String)[pri:0, instance:seleniumframework.TestAutomationFramework.userRegistration@6302bbb1]" started-at="2024-08-25T23:57:54 IST" name="verifyUserRegestration" finished-at="2024-08-25T23:57:58 IST" duration-ms="3223" status="PASS">
          <params>
            <param index="0">
              <value>
                <![CDATA[test1234]]>
              </value>
            </param>
          </params>
          <reporter-output>
          </reporter-output>
        </test-method> <!-- verifyUserRegestration -->
        <test-method is-config="true" signature="tearDown()[pri:0, instance:seleniumframework.TestAutomationFramework.userRegistration@6302bbb1]" started-at="2024-08-25T23:57:58 IST" name="tearDown" finished-at="2024-08-25T23:57:58 IST" duration-ms="337" status="PASS">
          <reporter-output>
          </reporter-output>
        </test-method> <!-- tearDown -->
        <test-method is-config="true" signature="driverSetup()[pri:0, instance:seleniumframework.TestAutomationFramework.userRegistration@6302bbb1]" started-at="2024-08-25T23:57:58 IST" name="driverSetup" finished-at="2024-08-25T23:58:03 IST" duration-ms="5144" status="PASS">
          <reporter-output>
          </reporter-output>
        </test-method> <!-- driverSetup -->
        <test-method signature="verifyLoginCredential(java.lang.String)[pri:0, instance:seleniumframework.TestAutomationFramework.userRegistration@6302bbb1]" started-at="2024-08-25T23:58:03 IST" name="verifyLoginCredential" finished-at="2024-08-25T23:58:06 IST" depends-on-methods="seleniumframework.TestAutomationFramework.userRegistration.verifyUserRegestration" duration-ms="2834" status="PASS">
          <params>
            <param index="0">
              <value>
                <![CDATA[test1234]]>
              </value>
            </param>
          </params>
          <reporter-output>
          </reporter-output>
        </test-method> <!-- verifyLoginCredential -->
        <test-method is-config="true" signature="tearDown()[pri:0, instance:seleniumframework.TestAutomationFramework.userRegistration@6302bbb1]" started-at="2024-08-25T23:58:06 IST" name="tearDown" finished-at="2024-08-25T23:58:06 IST" duration-ms="261" status="PASS">
          <reporter-output>
          </reporter-output>
        </test-method> <!-- tearDown -->
      </class> <!-- seleniumframework.TestAutomationFramework.userRegistration -->
    </test> <!-- Submit Order Test -->
  </suite> <!-- Suite -->
</testng-results>
