<?xml version="1.0" encoding="UTF-8"?>
<testng-results ignored="0" total="1" passed="1" failed="0" skipped="0">
  <reporter-output>
  </reporter-output>
  <suite started-at="2024-08-18T15:23:06 IST" name="Default suite" finished-at="2024-08-18T15:23:19 IST" duration-ms="13078">
    <groups>
    </groups>
    <test started-at="2024-08-18T15:23:06 IST" name="Default test" finished-at="2024-08-18T15:23:19 IST" duration-ms="13078">
      <class name="seleniumframework.TestAutomationFramework.userRegistration">
        <test-method is-config="true" signature="driverSetup()[pri:0, instance:seleniumframework.TestAutomationFramework.userRegistration@35d019a3]" started-at="2024-08-18T15:23:06 IST" name="driverSetup" finished-at="2024-08-18T15:23:16 IST" duration-ms="9516" status="PASS">
          <reporter-output>
          </reporter-output>
        </test-method> <!-- driverSetup -->
        <test-method signature="verifyUserRegestration()[pri:0, instance:seleniumframework.TestAutomationFramework.userRegistration@35d019a3]" started-at="2024-08-18T15:23:16 IST" name="verifyUserRegestration" finished-at="2024-08-18T15:23:18 IST" duration-ms="2149" status="PASS">
          <reporter-output>
          </reporter-output>
        </test-method> <!-- verifyUserRegestration -->
        <test-method is-config="true" signature="tearDown()[pri:0, instance:seleniumframework.TestAutomationFramework.userRegistration@35d019a3]" started-at="2024-08-18T15:23:18 IST" name="tearDown" finished-at="2024-08-18T15:23:19 IST" duration-ms="1311" status="PASS">
          <reporter-output>
          </reporter-output>
        </test-method> <!-- tearDown -->
      </class> <!-- seleniumframework.TestAutomationFramework.userRegistration -->
    </test> <!-- Default test -->
  </suite> <!-- Default suite -->
</testng-results>
